Opening file uiuc-large.pgm ....
debug : rows = 8000 cols = 10670
succeed in reading col and row
Finished reading image file !
--- Histogram Content ---
histo[0] = 0
histo[1] = 0
histo[2] = 0
histo[3] = 49000
histo[4] = 84000
histo[5] = 217000
histo[6] = 350000
histo[7] = 1169000
histo[8] = 2583000
histo[9] = 4851000
histo[10] = 7119000
histo[11] = 11165000
histo[12] = 13433000
histo[13] = 15575000
histo[14] = 15995000
histo[15] = 18473000
histo[16] = 21070000
histo[17] = 23282000
histo[18] = 24913000
histo[19] = 27104000
histo[20] = 28308000
histo[21] = 27468000
histo[22] = 26992000
histo[23] = 25851000
histo[24] = 26089000
histo[25] = 26495000
histo[26] = 25494000
histo[27] = 28511000
histo[28] = 31290000
histo[29] = 35182000
histo[30] = 39053000
histo[31] = 40208700
histo[32] = 39711700
histo[33] = 41707000
histo[34] = 44723000
histo[35] = 48581000
histo[36] = 48169000
histo[37] = 49924700
histo[38] = 49306700
histo[39] = 48790000
histo[40] = 44426800
histo[41] = 43616800
histo[42] = 41199900
histo[43] = 38818300
histo[44] = 37179500
histo[45] = 34430900
histo[46] = 33396000
histo[47] = 31236800
histo[48] = 28752100
histo[49] = 27070900
histo[50] = 28022700
histo[51] = 26817100
histo[52] = 25469700
histo[53] = 24930000
histo[54] = 24456400
histo[55] = 23506100
histo[56] = 22544000
histo[57] = 22124000
histo[58] = 21091700
histo[59] = 21760000
histo[60] = 21606000
histo[61] = 21059000
histo[62] = 21630700
histo[63] = 21308000
histo[64] = 21633000
histo[65] = 21827800
histo[66] = 22035000
histo[67] = 22958000
histo[68] = 23032000
histo[69] = 22645000
histo[70] = 21893000
histo[71] = 21664800
histo[72] = 21516000
histo[73] = 20387000
histo[74] = 19525000
histo[75] = 18485000
histo[76] = 17701000
histo[77] = 17385000
histo[78] = 16673000
histo[79] = 16410000
histo[80] = 15824000
histo[81] = 15088100
histo[82] = 15003000
histo[83] = 14798700
histo[84] = 14662000
histo[85] = 14939700
histo[86] = 15185000
histo[87] = 14468700
histo[88] = 14769000
histo[89] = 15818000
histo[90] = 15421000
histo[91] = 15182700
histo[92] = 14806000
histo[93] = 14811000
histo[94] = 15154000
histo[95] = 15651700
histo[96] = 16492000
histo[97] = 17176700
histo[98] = 17834000
histo[99] = 18682700
histo[100] = 19827000
histo[101] = 19792000
histo[102] = 21481800
histo[103] = 22241000
histo[104] = 22675000
histo[105] = 23619000
histo[106] = 25706000
histo[107] = 27205000
histo[108] = 28563700
histo[109] = 29326000
histo[110] = 30814000
histo[111] = 31220000
histo[112] = 33421000
histo[113] = 33831000
histo[114] = 35869000
histo[115] = 36618000
histo[116] = 38011000
histo[117] = 39396000
histo[118] = 39958000
histo[119] = 40019000
histo[120] = 40810000
histo[121] = 39445000
histo[122] = 39447000
histo[123] = 39628000
histo[124] = 37837800
histo[125] = 38334800
histo[126] = 36339000
histo[127] = 36115800
histo[128] = 34015000
histo[129] = 32333000
histo[130] = 30523000
histo[131] = 27175800
histo[132] = 26229000
histo[133] = 23975800
histo[134] = 22285000
histo[135] = 21401000
histo[136] = 20091000
histo[137] = 18440000
histo[138] = 17767000
histo[139] = 16058800
histo[140] = 14602000
histo[141] = 15029800
histo[142] = 14329000
histo[143] = 13372000
histo[144] = 13665000
histo[145] = 12509000
histo[146] = 12594000
histo[147] = 12124000
histo[148] = 12175000
histo[149] = 11452700
histo[150] = 12062800
histo[151] = 11410000
histo[152] = 11713000
histo[153] = 11656000
histo[154] = 11594000
histo[155] = 12672000
histo[156] = 13475700
histo[157] = 13307000
histo[158] = 14728000
histo[159] = 15254000
histo[160] = 16157000
histo[161] = 17472000
histo[162] = 19062000
histo[163] = 19287000
histo[164] = 19222000
histo[165] = 19663000
histo[166] = 20874000
histo[167] = 21196000
histo[168] = 20840000
histo[169] = 19377000
histo[170] = 18124000
histo[171] = 17374000
histo[172] = 15156000
histo[173] = 13678000
histo[174] = 13112000
histo[175] = 11628000
histo[176] = 11118000
histo[177] = 10382000
histo[178] = 9541000
histo[179] = 8954000
histo[180] = 8849000
histo[181] = 8529000
histo[182] = 8002000
histo[183] = 8036000
histo[184] = 8086000
histo[185] = 8141000
histo[186] = 9313000
histo[187] = 11423000
histo[188] = 11374000
histo[189] = 12766000
histo[190] = 15347000
histo[191] = 14860000
histo[192] = 17429000
histo[193] = 29567000
histo[194] = 36289000
histo[195] = 33994000
histo[196] = 29170000
histo[197] = 27163000
histo[198] = 27088000
histo[199] = 25086000
histo[200] = 23388000
histo[201] = 25109000
histo[202] = 27782000
histo[203] = 30032700
histo[204] = 29914500
histo[205] = 30898800
histo[206] = 33419300
histo[207] = 35959300
histo[208] = 34105800
histo[209] = 32966700
histo[210] = 32261700
histo[211] = 32750300
histo[212] = 39175800
histo[213] = 37322000
histo[214] = 37257400
histo[215] = 36511100
histo[216] = 38186500
histo[217] = 37958600
histo[218] = 41687000
histo[219] = 37788300
histo[220] = 42361800
histo[221] = 34467600
histo[222] = 29305200
histo[223] = 29984300
histo[224] = 27427000
histo[225] = 27948800
histo[226] = 27368400
histo[227] = 26836300
histo[228] = 28390400
histo[229] = 27923600
histo[230] = 31657200
histo[231] = 31818600
histo[232] = 33771400
histo[233] = 30103800
histo[234] = 27067500
histo[235] = 28552600
histo[236] = 30301400
histo[237] = 30084300
histo[238] = 26473400
histo[239] = 25169700
histo[240] = 25852900
histo[241] = 24269700
histo[242] = 20604900
histo[243] = 23947600
histo[244] = 25854100
histo[245] = 23452100
histo[246] = 20768500
histo[247] = 26656900
histo[248] = 34245100
histo[249] = 34308900
histo[250] = 28279500
histo[251] = 37033100
histo[252] = 22583400
histo[253] = 26465100
histo[254] = 19279600
histo[255] = 2497332400

Runtime =     156.22 seconds
